Undefined property: ThoughtYards\Kinetics\ConsoleKernel\CConsoleApplication::$_methods (C:\xampp\htdocs\mikko\MAIN-local\vendor\thoughtyards\framework\src\Kinetics\Component\TYComponent.php:46)
Stack trace:
#0 C:\xampp\htdocs\mikko\MAIN-local\vendor\thoughtyards\framework\src\Kinetics\Component\TYModule.php(110): ThoughtYards\Kinetics\ConsoleKernel\CConsoleApplication->__get()
#1 C:\xampp\htdocs\mikko\MAIN-local\vendor\thoughtyards\framework\src\Kinetics\Component\TYComponent.php(85): ThoughtYards\Kinetics\ConsoleKernel\CConsoleApplication->__get()
#2 C:\xampp\htdocs\mikko\MAIN-local\vendor\thoughtyards\framework\src\Kinetics\Component\TYModule.php(518): ThoughtYards\Kinetics\ConsoleKernel\CConsoleApplication->__set()
#3 C:\xampp\htdocs\mikko\MAIN-local\vendor\thoughtyards\framework\src\Kinetics\Component\CApplication.php(172): ThoughtYards\Kinetics\ConsoleKernel\CConsoleApplication->configure()
#4 C:\xampp\htdocs\mikko\MAIN-local\web-boot\Gateway.php(262): ThoughtYards\Kinetics\ConsoleKernel\CConsoleApplication->__construct()
#5 C:\xampp\htdocs\mikko\MAIN-local\web-boot\Gateway.php(249): loadApplication()
#6 C:\xampp\htdocs\mikko\MAIN-local\web-boot\index.php(19): CosoleKitInit()
REQUEST_URI=/mikko/MAIN-local/web-boot/
in C:\xampp\htdocs\mikko\MAIN-local\vendor\thoughtyards\framework\src\Kinetics\Component\CApplication.php (817)
in C:\xampp\htdocs\mikko\MAIN-local\vendor\thoughtyards\framework\src\Kinetics\Component\TYComponent.php (46)Undefined property: ThoughtYards\Kinetics\ConsoleKernel\CConsoleApplication::$_methods (C:\xampp\htdocs\mikko\MAIN-local\vendor\thoughtyards\framework\src\Kinetics\Component\TYComponent.php:46)
Stack trace:
#0 C:\xampp\htdocs\mikko\MAIN-local\vendor\thoughtyards\framework\src\Kinetics\Component\TYModule.php(110): ThoughtYards\Kinetics\ConsoleKernel\CConsoleApplication->__get()
#1 C:\xampp\htdocs\mikko\MAIN-local\vendor\thoughtyards\framework\src\Kinetics\Component\TYComponent.php(85): ThoughtYards\Kinetics\ConsoleKernel\CConsoleApplication->__get()
#2 C:\xampp\htdocs\mikko\MAIN-local\vendor\thoughtyards\framework\src\Kinetics\Component\TYModule.php(518): ThoughtYards\Kinetics\ConsoleKernel\CConsoleApplication->__set()
#3 C:\xampp\htdocs\mikko\MAIN-local\vendor\thoughtyards\framework\src\Kinetics\Component\CApplication.php(172): ThoughtYards\Kinetics\ConsoleKernel\CConsoleApplication->configure()
#4 C:\xampp\htdocs\mikko\MAIN-local\web-boot\Gateway.php(262): ThoughtYards\Kinetics\ConsoleKernel\CConsoleApplication->__construct()
#5 C:\xampp\htdocs\mikko\MAIN-local\web-boot\Gateway.php(249): loadApplication()
#6 C:\xampp\htdocs\mikko\MAIN-local\web-boot\index.php(19): CosoleKitInit()
REQUEST_URI=/mikko/MAIN-local/web-boot/
in C:\xampp\htdocs\mikko\MAIN-local\vendor\thoughtyards\framework\src\Kinetics\Component\CApplication.php (817)
in C:\xampp\htdocs\mikko\MAIN-local\vendor\thoughtyards\framework\src\Kinetics\Component\TYComponent.php (46)
Undefined property: ThoughtYards\Kinetics\ConsoleKernel\CConsoleApplication::$_methods (C:\xampp\htdocs\mikko\MAIN-local\vendor\thoughtyards\framework\src\Kinetics\Component\TYComponent.php:46)
Stack trace:
#0 C:\xampp\htdocs\mikko\MAIN-local\vendor\thoughtyards\framework\src\Kinetics\Component\TYModule.php(110): ThoughtYards\Kinetics\ConsoleKernel\CConsoleApplication->__get()
#1 C:\xampp\htdocs\mikko\MAIN-local\vendor\thoughtyards\framework\src\Kinetics\Component\TYComponent.php(85): ThoughtYards\Kinetics\ConsoleKernel\CConsoleApplication->__get()
#2 C:\xampp\htdocs\mikko\MAIN-local\vendor\thoughtyards\framework\src\Kinetics\Component\TYModule.php(518): ThoughtYards\Kinetics\ConsoleKernel\CConsoleApplication->__set()
#3 C:\xampp\htdocs\mikko\MAIN-local\vendor\thoughtyards\framework\src\Kinetics\Component\CApplication.php(172): ThoughtYards\Kinetics\ConsoleKernel\CConsoleApplication->configure()
#4 C:\xampp\htdocs\mikko\MAIN-local\web-boot\Gateway.php(264): ThoughtYards\Kinetics\ConsoleKernel\CConsoleApplication->__construct()
#5 C:\xampp\htdocs\mikko\MAIN-local\web-boot\Gateway.php(251): loadApplication()
#6 C:\xampp\htdocs\mikko\MAIN-local\web-boot\index.php(19): CosoleKitInit()
REQUEST_URI=/mikko/MAIN-local/web-boot/
in C:\xampp\htdocs\mikko\MAIN-local\vendor\thoughtyards\framework\src\Kinetics\Component\CApplication.php (817)
in C:\xampp\htdocs\mikko\MAIN-local\vendor\thoughtyards\framework\src\Kinetics\Component\TYComponent.php (46)
Undefined property: ThoughtYards\Kinetics\ConsoleKernel\CConsoleApplication::$_methods (C:\xampp\htdocs\mikko\MAIN-local\vendor\thoughtyards\framework\src\Kinetics\Component\TYComponent.php:46)
Stack trace:
#0 C:\xampp\htdocs\mikko\MAIN-local\vendor\thoughtyards\framework\src\Kinetics\Component\TYModule.php(110): ThoughtYards\Kinetics\ConsoleKernel\CConsoleApplication->__get()
#1 C:\xampp\htdocs\mikko\MAIN-local\vendor\thoughtyards\framework\src\Kinetics\Component\TYComponent.php(85): ThoughtYards\Kinetics\ConsoleKernel\CConsoleApplication->__get()
#2 C:\xampp\htdocs\mikko\MAIN-local\vendor\thoughtyards\framework\src\Kinetics\Component\TYModule.php(518): ThoughtYards\Kinetics\ConsoleKernel\CConsoleApplication->__set()
#3 C:\xampp\htdocs\mikko\MAIN-local\vendor\thoughtyards\framework\src\Kinetics\Component\CApplication.php(172): ThoughtYards\Kinetics\ConsoleKernel\CConsoleApplication->configure()
#4 C:\xampp\htdocs\mikko\MAIN-local\web-boot\Gateway.php(265): ThoughtYards\Kinetics\ConsoleKernel\CConsoleApplication->__construct()
#5 C:\xampp\htdocs\mikko\MAIN-local\web-boot\Gateway.php(252): loadApplication()
#6 C:\xampp\htdocs\mikko\MAIN-local\web-boot\index.php(19): CosoleKitInit()
REQUEST_URI=/mikko/MAIN-local/web-boot/
in C:\xampp\htdocs\mikko\MAIN-local\vendor\thoughtyards\framework\src\Kinetics\Component\CApplication.php (817)
in C:\xampp\htdocs\mikko\MAIN-local\vendor\thoughtyards\framework\src\Kinetics\Component\TYComponent.php (46)
Undefined property: ThoughtYards\Kinetics\ConsoleKernel\CConsoleApplication::$_methods (C:\xampp\htdocs\mikko\MAIN-local\vendor\thoughtyards\framework\src\Kinetics\Component\TYComponent.php:46)
Stack trace:
#0 C:\xampp\htdocs\mikko\MAIN-local\vendor\thoughtyards\framework\src\Kinetics\Component\TYModule.php(110): ThoughtYards\Kinetics\ConsoleKernel\CConsoleApplication->__get()
#1 C:\xampp\htdocs\mikko\MAIN-local\vendor\thoughtyards\framework\src\Kinetics\Component\TYComponent.php(85): ThoughtYards\Kinetics\ConsoleKernel\CConsoleApplication->__get()
#2 C:\xampp\htdocs\mikko\MAIN-local\vendor\thoughtyards\framework\src\Kinetics\Component\TYModule.php(518): ThoughtYards\Kinetics\ConsoleKernel\CConsoleApplication->__set()
#3 C:\xampp\htdocs\mikko\MAIN-local\vendor\thoughtyards\framework\src\Kinetics\Component\CApplication.php(172): ThoughtYards\Kinetics\ConsoleKernel\CConsoleApplication->configure()
#4 C:\xampp\htdocs\mikko\MAIN-local\web-boot\Gateway.php(266): ThoughtYards\Kinetics\ConsoleKernel\CConsoleApplication->__construct()
#5 C:\xampp\htdocs\mikko\MAIN-local\web-boot\Gateway.php(253): loadApplication()
#6 C:\xampp\htdocs\mikko\MAIN-local\web-boot\index.php(19): CosoleKitInit()
REQUEST_URI=/mikko/MAIN-local/web-boot/
in C:\xampp\htdocs\mikko\MAIN-local\vendor\thoughtyards\framework\src\Kinetics\Component\CApplication.php (817)
in C:\xampp\htdocs\mikko\MAIN-local\vendor\thoughtyards\framework\src\Kinetics\Component\TYComponent.php (46)
Undefined property: ThoughtYards\Kinetics\ConsoleKernel\CConsoleApplication::$_methods (C:\xampp\htdocs\mikko\MAIN-local\vendor\thoughtyards\framework\src\Kinetics\Component\TYComponent.php:46)
Stack trace:
#0 C:\xampp\htdocs\mikko\MAIN-local\vendor\thoughtyards\framework\src\Kinetics\Component\TYModule.php(110): ThoughtYards\Kinetics\ConsoleKernel\CConsoleApplication->__get()
#1 C:\xampp\htdocs\mikko\MAIN-local\vendor\thoughtyards\framework\src\Kinetics\Component\TYComponent.php(85): ThoughtYards\Kinetics\ConsoleKernel\CConsoleApplication->__get()
#2 C:\xampp\htdocs\mikko\MAIN-local\vendor\thoughtyards\framework\src\Kinetics\Component\TYModule.php(518): ThoughtYards\Kinetics\ConsoleKernel\CConsoleApplication->__set()
#3 C:\xampp\htdocs\mikko\MAIN-local\vendor\thoughtyards\framework\src\Kinetics\Component\CApplication.php(172): ThoughtYards\Kinetics\ConsoleKernel\CConsoleApplication->configure()
#4 C:\xampp\htdocs\mikko\MAIN-local\web-boot\Gateway.php(266): ThoughtYards\Kinetics\ConsoleKernel\CConsoleApplication->__construct()
#5 C:\xampp\htdocs\mikko\MAIN-local\web-boot\Gateway.php(253): loadApplication()
#6 C:\xampp\htdocs\mikko\MAIN-local\web-boot\index.php(19): CosoleKitInit()
REQUEST_URI=/mikko/MAIN-local/web-boot/
in C:\xampp\htdocs\mikko\MAIN-local\vendor\thoughtyards\framework\src\Kinetics\Component\CApplication.php (817)
in C:\xampp\htdocs\mikko\MAIN-local\vendor\thoughtyards\framework\src\Kinetics\Component\TYComponent.php (46)
